0 info it worked if it ends with ok
1 verbose cli [ 'node', '/usr/local/bin/npm', 'publish' ]
2 info using npm@1.4.28
3 info using node@v0.10.35
4 verbose publish [ '.' ]
5 verbose cache add [ '.', null ]
6 verbose cache add name=undefined spec="." args=[".",null]
7 verbose parsed url { protocol: null,
7 verbose parsed url   slashes: null,
7 verbose parsed url   auth: null,
7 verbose parsed url   host: null,
7 verbose parsed url   port: null,
7 verbose parsed url   hostname: null,
7 verbose parsed url   hash: null,
7 verbose parsed url   search: null,
7 verbose parsed url   query: null,
7 verbose parsed url   pathname: '.',
7 verbose parsed url   path: '.',
7 verbose parsed url   href: '.' }
8 silly lockFile 3a52ce78- .
9 verbose lock . /Users/rsueggel/.npm/3a52ce78-.lock
10 verbose tar pack [ '/Users/rsueggel/.npm/fizzbuzz-training/0.0.2/package.tgz',
10 verbose tar pack   '.' ]
11 verbose tarball /Users/rsueggel/.npm/fizzbuzz-training/0.0.2/package.tgz
12 verbose folder .
13 info prepublish fizzbuzz-training@0.0.2
14 silly lockFile 1f1177db-tar tar://.
15 verbose lock tar://. /Users/rsueggel/.npm/1f1177db-tar.lock
16 silly lockFile 8c79d406-zbuzz-training-0-0-2-package-tgz tar:///Users/rsueggel/.npm/fizzbuzz-training/0.0.2/package.tgz
17 verbose lock tar:///Users/rsueggel/.npm/fizzbuzz-training/0.0.2/package.tgz /Users/rsueggel/.npm/8c79d406-zbuzz-training-0-0-2-package-tgz.lock
18 silly lockFile 1f1177db-tar tar://.
19 silly lockFile 1f1177db-tar tar://.
20 silly lockFile 8c79d406-zbuzz-training-0-0-2-package-tgz tar:///Users/rsueggel/.npm/fizzbuzz-training/0.0.2/package.tgz
21 silly lockFile 8c79d406-zbuzz-training-0-0-2-package-tgz tar:///Users/rsueggel/.npm/fizzbuzz-training/0.0.2/package.tgz
22 silly lockFile 9397a64f--fizzbuzz-training-0-0-2-package /Users/rsueggel/.npm/fizzbuzz-training/0.0.2/package
23 verbose lock /Users/rsueggel/.npm/fizzbuzz-training/0.0.2/package /Users/rsueggel/.npm/9397a64f--fizzbuzz-training-0-0-2-package.lock
24 silly lockFile 9397a64f--fizzbuzz-training-0-0-2-package /Users/rsueggel/.npm/fizzbuzz-training/0.0.2/package
25 silly lockFile 9397a64f--fizzbuzz-training-0-0-2-package /Users/rsueggel/.npm/fizzbuzz-training/0.0.2/package
26 silly lockFile 3a52ce78- .
27 silly lockFile 3a52ce78- .
28 silly publish { name: 'fizzbuzz-training',
28 silly publish   version: '0.0.2',
28 silly publish   description: 'FizzBuzz for training',
28 silly publish   main: './lib/fizzbuzz.js',
28 silly publish   repository:
28 silly publish    { type: 'git',
28 silly publish      url: 'https://github.com/robzerg/fizzbuzz-training.git' },
28 silly publish   readme: '# fizzbuzz-training\nWelcome to anoother fizzbuzz example!\n',
28 silly publish   readmeFilename: 'README.md',
28 silly publish   gitHead: '5060c8b0898a4bc0a99444102ec43e2cf7ec7c6b',
28 silly publish   bugs: { url: 'https://github.com/robzerg/fizzbuzz-training/issues' },
28 silly publish   homepage: 'https://github.com/robzerg/fizzbuzz-training',
28 silly publish   _id: 'fizzbuzz-training@0.0.2',
28 silly publish   scripts: {},
28 silly publish   _shasum: '8a4efc02529d9922063a0a1190c8eedd28e5039c',
28 silly publish   _from: '.' }
29 verbose request where is /fizzbuzz-training
30 verbose request registry https://registry.npmjs.org/
31 verbose request id 678d1df1a21e8d4b
32 verbose url raw /fizzbuzz-training
33 verbose url resolving [ 'https://registry.npmjs.org/', './fizzbuzz-training' ]
34 verbose url resolved https://registry.npmjs.org/fizzbuzz-training
35 verbose request where is https://registry.npmjs.org/fizzbuzz-training
36 info trying registry request attempt 1 at 13:29:45
37 http PUT https://registry.npmjs.org/fizzbuzz-training
38 http 403 https://registry.npmjs.org/fizzbuzz-training
39 verbose headers { 'content-type': 'application/json',
39 verbose headers   'cache-control': 'max-age=60',
39 verbose headers   'content-length': '95',
39 verbose headers   'accept-ranges': 'bytes',
39 verbose headers   date: 'Mon, 04 May 2015 11:29:46 GMT',
39 verbose headers   via: '1.1 varnish',
39 verbose headers   connection: 'keep-alive',
39 verbose headers   'x-served-by': 'cache-fra1234-FRA',
39 verbose headers   'x-cache': 'MISS',
39 verbose headers   'x-cache-hits': '0',
39 verbose headers   'x-timer': 'S1430738985.302813,VS0,VE1314' }
40 error publish Failed PUT 403
41 error Error: "You cannot publish over the previously published version 0.0.2." : fizzbuzz-training
41 error     at RegClient.<anonymous> (/usr/local/lib/node_modules/npm/node_modules/npm-registry-client/lib/request.js:308:14)
41 error     at Request._callback (/usr/local/lib/node_modules/npm/node_modules/npm-registry-client/lib/request.js:246:65)
41 error     at Request.self.callback (/usr/local/lib/node_modules/npm/node_modules/request/request.js:236:22)
41 error     at Request.emit (events.js:98:17)
41 error     at Request.<anonymous> (/usr/local/lib/node_modules/npm/node_modules/request/request.js:1142:14)
41 error     at Request.emit (events.js:117:20)
41 error     at IncomingMessage.<anonymous> (/usr/local/lib/node_modules/npm/node_modules/request/request.js:1096:12)
41 error     at IncomingMessage.emit (events.js:117:20)
41 error     at _stream_readable.js:944:16
41 error     at process._tickCallback (node.js:442:13)
42 error If you need help, you may report this *entire* log,
42 error including the npm and node versions, at:
42 error     <http://github.com/npm/npm/issues>
43 error System Darwin 14.1.0
44 error command "node" "/usr/local/bin/npm" "publish"
45 error cwd /Users/rsueggel/Documents/dev/nodejs/projects/js-training/01-fizzbuzz/git/fizzbuzz-training
46 error node -v v0.10.35
47 error npm -v 1.4.28
48 verbose exit [ 1, true ]
